2021-11-16 20:39:40,636 INFO o.j.Test [main] Драйвер поднят!
2021-11-16 20:39:40,636 INFO o.j.Test [main] Драйвер закрыт!
2021-11-16 20:40:31,347 INFO o.j.Test [main] Драйвер поднят!
2021-11-16 20:40:31,347 INFO o.j.Test [main] Драйвер закрыт!
2021-11-16 20:42:55,182 INFO o.j.Test [main] Драйвер поднят!
2021-11-16 20:43:03,932 INFO o.j.Test [main] Драйвер закрыт!
2021-11-16 20:44:30,103 INFO o.j.Test [main] Драйвер поднят!
2021-11-16 20:44:41,250 INFO o.j.Test [main] Драйвер закрыт!
2021-11-16 20:46:37,200 INFO o.j.Test [main] Драйвер поднят!
2021-11-16 20:46:49,025 INFO o.j.Test [main] Драйвер закрыт!
2021-11-16 20:54:34,224 INFO o.j.Test [main] Драйвер поднят!
2021-11-16 20:54:45,254 INFO o.j.Test [main] Драйвер закрыт!
2021-11-16 20:55:20,186 INFO o.j.Test [main] Драйвер поднят!
2021-11-16 20:55:30,944 INFO o.j.Test [main] Драйвер закрыт!
2021-11-16 20:56:51,066 INFO o.j.Test [main] Драйвер поднят!
2021-11-16 20:57:01,558 INFO o.j.Test [main] Драйвер закрыт!
2021-11-16 21:03:43,055 INFO o.j.Test [main] Драйвер поднят!
2021-11-16 21:03:54,572 INFO o.j.Test [main] Драйвер закрыт!
2021-11-16 21:08:42,972 INFO o.j.Test [main] Драйвер поднят!
2021-11-16 21:08:53,888 INFO o.j.Test [main] Драйвер закрыт!
2021-11-16 21:09:44,803 INFO o.j.Test [main] Драйвер поднят!
2021-11-16 21:09:55,888 INFO o.j.Test [main] Драйвер закрыт!
2021-11-20 09:34:42,575 INFO o.j.Test [main] Драйвер поднят!
2021-11-20 09:34:51,157 INFO o.j.Test [main] Драйвер закрыт!
2021-11-20 09:37:37,470 INFO o.j.Test [main] Драйвер поднят!
2021-11-20 09:37:46,116 INFO o.j.Test [main] Драйвер закрыт!
2021-11-20 09:38:57,769 INFO o.j.Test [main] Драйвер поднят!
2021-11-20 09:39:09,144 INFO o.j.Test [main] Драйвер закрыт!
2021-11-20 09:42:30,008 INFO o.j.Test [main] Драйвер поднят!
2021-11-20 09:42:38,259 INFO o.j.Test [main] Драйвер закрыт!
2021-11-20 11:28:45,250 INFO o.j.Test [main] Драйвер поднят!
2021-11-20 11:28:57,216 INFO o.j.Test [main] Драйвер закрыт!
2021-11-20 11:30:09,583 INFO o.j.Test [main] Драйвер поднят!
2021-11-20 11:30:21,015 INFO o.j.Test [main] Драйвер закрыт!
2021-11-20 11:33:30,675 INFO o.j.Test [main] Драйвер поднят!
2021-11-20 11:33:46,691 INFO o.j.Test [main] Драйвер закрыт!
2021-11-20 11:38:58,050 INFO o.j.Test [main] Драйвер поднят!
2021-11-20 11:39:13,475 INFO o.j.Test [main] Драйвер закрыт!
2021-11-20 11:43:01,218 INFO o.j.Test [main] Драйвер поднят!
2021-11-20 11:43:13,989 INFO o.j.Test [main] Драйвер закрыт!
2021-11-20 11:44:05,241 INFO o.j.Test [main] Драйвер поднят!
2021-11-20 11:44:18,499 INFO o.j.Test [main] Драйвер закрыт!
2021-11-20 11:45:51,129 INFO o.j.Test [main] Драйвер поднят!
2021-11-20 11:46:04,380 INFO o.j.Test [main] Драйвер закрыт!
2021-11-20 11:49:15,385 INFO o.j.Test [main] Драйвер поднят!
2021-11-20 11:49:32,491 INFO o.j.Test [main] Драйвер закрыт!
2021-11-20 11:49:55,323 INFO o.j.Test [main] Драйвер поднят!
2021-11-20 11:50:11,023 INFO o.j.Test [main] Драйвер закрыт!
2021-11-20 11:51:58,753 INFO o.j.Test [main] Драйвер поднят!
2021-11-20 11:52:18,262 INFO o.j.Test [main] Драйвер закрыт!
2021-11-20 12:03:33,388 INFO o.j.Test [main] Драйвер поднят!
2021-11-20 12:03:50,359 INFO o.j.Test [main] Драйвер закрыт!
2021-11-20 18:06:10,727 INFO o.j.Test [main] Драйвер поднят!
2021-11-20 18:06:28,619 INFO o.j.Test [main] Драйвер закрыт!
2021-11-20 18:38:50,563 INFO o.j.Test [main] Драйвер поднят!
2021-11-20 18:39:13,458 INFO o.j.Test [main] Драйвер закрыт!
2021-11-20 18:49:50,091 INFO o.j.Test [main] Драйвер поднят!
2021-11-20 18:50:15,446 INFO o.j.Test [main] Драйвер закрыт!
2021-11-20 19:00:54,625 INFO o.j.Test [main] Драйвер поднят!
2021-11-20 19:01:13,175 INFO o.j.Test [main] Драйвер закрыт!
2021-11-20 19:18:16,533 INFO o.j.Test [main] Драйвер поднят!
2021-11-20 19:18:16,558 INFO o.j.Test [main] Драйвер закрыт!
2021-11-20 19:19:01,255 INFO o.j.Test [main] Драйвер поднят!
2021-11-20 19:19:39,667 INFO o.j.Test [main] Драйвер закрыт!
2021-11-20 19:34:01,105 INFO o.j.Test [main] Драйвер поднят!
2021-11-20 19:34:17,111 INFO o.j.Test [main] Драйвер закрыт!
2021-11-29 17:46:15,086 INFO o.j.Test [main] Драйвер поднят!
2021-11-29 17:46:29,363 INFO o.j.Test [main] Драйвер закрыт!
2021-11-29 17:47:24,330 INFO o.j.Test [main] Драйвер поднят!
2021-11-29 17:47:45,234 INFO o.j.Test [main] Драйвер закрыт!
2021-11-29 17:48:25,123 INFO o.j.Test [main] Драйвер поднят!
2021-11-29 17:48:36,797 INFO o.j.Test [main] Драйвер закрыт!
2021-11-29 17:53:40,868 INFO o.j.Test [main] Драйвер поднят!
2021-11-29 17:53:48,055 INFO o.j.Test [main] Главная страница онлайн-обучения Отус успешно загружена
2021-11-29 17:53:48,924 INFO o.j.Test [main] Драйвер закрыт!
2021-11-29 18:05:08,480 INFO o.j.Test [main] Драйвер поднят
2021-11-29 18:05:17,707 INFO o.j.Test [main] Драйвер закрыт
2021-11-29 18:05:30,187 INFO o.j.Test [main] Драйвер поднят
2021-11-29 18:05:39,895 INFO o.j.Test [main] Драйвер закрыт
2021-11-29 18:14:54,157 INFO o.j.Test [main] Драйвер поднят
2021-11-29 18:15:03,173 INFO o.j.Test [main] Драйвер закрыт
2021-11-29 18:19:41,779 INFO o.j.Test [main] Драйвер поднят
2021-11-29 18:19:52,126 INFO o.j.Test [main] Драйвер закрыт
2021-11-29 18:25:17,464 INFO o.j.Test [main] Драйвер поднят
2021-11-29 18:25:27,693 INFO o.j.Test [main] Драйвер закрыт
2021-11-29 18:27:07,477 INFO o.j.Test [main] Драйвер поднят
2021-11-29 18:27:16,518 INFO o.j.Test [main] Драйвер закрыт
2021-11-29 20:41:11,337 INFO o.j.Test [main] Драйвер поднят
2021-11-29 20:41:18,283 INFO o.j.Test [main] Главная страница онлайн-обучения Отус успешно загружена
2021-11-29 20:41:22,069 INFO o.j.Test [main] Драйвер закрыт
2021-11-29 20:44:43,998 INFO o.j.Test [main] Драйвер поднят
2021-11-29 20:44:50,910 INFO o.j.Test [main] Главная страница онлайн-обучения Отус успешно загружена
2021-11-29 20:44:56,501 INFO o.j.Test [main] Драйвер закрыт
2021-11-29 20:46:52,313 INFO o.j.Test [main] Драйвер поднят
2021-11-29 20:46:59,150 INFO o.j.Test [main] Главная страница онлайн-обучения Отус успешно загружена
2021-11-29 20:47:03,591 INFO o.j.Test [main] Драйвер закрыт
2021-11-29 20:48:02,527 INFO o.j.Test [main] Драйвер поднят
2021-11-29 20:48:09,341 INFO o.j.Test [main] Главная страница онлайн-обучения Отус успешно загружена
2021-11-29 20:48:14,820 INFO o.j.Test [main] Драйвер закрыт
2021-11-29 20:50:05,281 INFO o.j.Test [main] Драйвер поднят
2021-11-29 20:50:12,486 INFO o.j.Test [main] Драйвер закрыт
2021-11-29 21:03:53,640 INFO o.j.Test [main] Драйвер поднят
2021-11-29 21:04:01,409 INFO o.j.Test [main] Драйвер закрыт
2021-11-29 21:15:47,040 INFO o.j.Test [main] Драйвер поднят
2021-11-29 21:15:55,526 INFO o.j.Test [main] Драйвер закрыт
2021-11-29 21:25:01,970 INFO o.j.Test [main] Драйвер поднят
2021-11-29 21:25:11,270 INFO o.j.Test [main] Драйвер закрыт
2021-11-29 21:27:35,292 INFO o.j.Test [main] Драйвер поднят
2021-11-29 21:27:44,642 INFO o.j.Test [main] Драйвер закрыт
2021-11-29 21:29:04,329 INFO o.j.Test [main] Драйвер поднят
2021-11-29 21:29:12,938 INFO o.j.Test [main] Драйвер закрыт
2021-11-29 21:29:46,631 INFO o.j.Test [main] Драйвер поднят
2021-11-29 21:29:56,157 INFO o.j.Test [main] Драйвер закрыт
2021-11-29 21:32:47,149 INFO o.j.Test [main] Драйвер поднят
2021-11-29 21:32:56,709 INFO o.j.Test [main] Драйвер закрыт
2021-11-29 21:33:54,640 INFO o.j.Test [main] Драйвер поднят
2021-11-29 21:34:03,476 INFO o.j.Test [main] Драйвер закрыт
2021-11-29 21:37:09,737 INFO o.j.Test [main] Драйвер поднят
2021-11-29 21:37:18,936 INFO o.j.Test [main] Драйвер закрыт
2021-12-02 20:08:35,356 INFO o.j.Test [main] Драйвер поднят
2021-12-02 20:08:45,105 INFO o.j.Test [main] Драйвер закрыт
2021-12-02 20:09:12,781 INFO o.j.Test [main] Драйвер поднят
2021-12-02 20:09:21,588 INFO o.j.Test [main] Драйвер закрыт
2021-12-02 20:13:02,846 INFO o.j.Test [main] Драйвер поднят
2021-12-02 20:13:11,916 INFO o.j.Test [main] Драйвер закрыт
2021-12-02 20:15:19,130 INFO o.j.Test [main] Драйвер поднят
2021-12-02 20:15:28,644 INFO o.j.Test [main] Драйвер закрыт
2021-12-02 20:15:47,666 INFO o.j.Test [main] Драйвер поднят
2021-12-02 20:16:01,357 INFO o.j.Test [main] Главная страница онлайн-обучения Отус успешно загружена
2021-12-02 20:16:03,381 INFO o.j.Test [main] Драйвер закрыт
2021-12-02 20:25:31,602 INFO o.j.Test [main] Драйвер поднят
2021-12-02 20:25:38,278 INFO o.j.Test [main] Главная страница онлайн-обучения Отус успешно загружена
2021-12-02 20:25:40,625 INFO o.j.Test [main] Осуществлен переход на страницу с курсами по Тестированию
2021-12-02 20:25:41,095 INFO o.j.Test [main] Проверка количества курсов по тестированию прошла успешно
2021-12-02 20:25:41,913 INFO o.j.Test [main] Драйвер закрыт
2021-12-06 18:00:31,496 INFO o.j.Test [main] Драйвер поднят
2021-12-06 18:00:39,908 INFO o.j.Test [main] Главная страница онлайн-обучения Отус успешно загружена
2021-12-06 18:00:43,060 INFO o.j.Test [main] Драйвер закрыт
2021-12-06 18:07:19,041 INFO o.j.Test [main] Драйвер поднят
2021-12-06 18:07:28,885 INFO o.j.Test [main] Главная страница онлайн-обучения Отус успешно загружена
2021-12-06 18:07:34,998 INFO o.j.Test [main] Драйвер закрыт
2021-12-06 18:08:17,840 INFO o.j.Test [main] Драйвер поднят
2021-12-06 18:08:25,272 INFO o.j.Test [main] Главная страница онлайн-обучения Отус успешно загружена
2021-12-06 18:08:27,225 INFO o.j.Test [main] Драйвер закрыт
2021-12-06 18:08:44,055 INFO o.j.Test [main] Драйвер поднят
2021-12-06 18:08:51,635 INFO o.j.Test [main] Главная страница онлайн-обучения Отус успешно загружена
2021-12-06 18:08:57,050 INFO o.j.Test [main] Драйвер закрыт
2021-12-07 09:53:44,465 INFO o.j.Test [main] Драйвер поднят
2021-12-07 09:54:00,214 INFO o.j.Test [main] Главная страница онлайн-обучения Отус успешно загружена
2021-12-07 09:54:07,534 INFO o.j.Test [main] Драйвер закрыт
2021-12-07 10:13:17,057 INFO o.j.Test [main] Драйвер поднят
2021-12-07 10:13:30,353 INFO o.j.Test [main] Драйвер закрыт
2021-12-07 10:29:32,594 INFO o.j.Test [main] Драйвер поднят
2021-12-07 10:29:37,188 INFO o.j.Test [main] Главная страница онлайн-обучения Отус успешно загружена
2021-12-07 10:29:41,296 INFO o.j.Test [main] Драйвер закрыт
2021-12-07 10:33:43,584 INFO o.j.Test [main] Драйвер поднят
2021-12-07 10:33:55,518 INFO o.j.Test [main] Драйвер закрыт
2021-12-07 10:35:32,992 INFO o.j.Test [main] Драйвер поднят
2021-12-07 10:35:40,694 INFO o.j.Test [main] Драйвер закрыт
2021-12-07 10:36:13,759 INFO o.j.Test [main] Драйвер поднят
2021-12-07 10:36:19,286 INFO o.j.Test [main] Драйвер закрыт
2021-12-07 16:16:09,917 INFO o.j.Test [main] Драйвер поднят
2021-12-07 16:16:18,507 INFO o.j.Test [main] Главная страница онлайн-обучения Отус успешно загружена
2021-12-07 16:16:24,281 INFO o.j.Test [main] Драйвер закрыт
2021-12-11 20:37:31,913 INFO o.j.Test [main] Драйвер поднят
2021-12-11 20:37:40,019 INFO o.j.Test [main] Главная страница онлайн-обучения Отус успешно загружена
2021-12-11 20:37:45,535 INFO o.j.Test [main] Драйвер закрыт
2021-12-11 20:48:35,681 INFO o.j.Test [main] Драйвер поднят
2021-12-11 20:48:42,789 INFO o.j.Test [main] Главная страница онлайн-обучения Отус успешно загружена
2021-12-11 20:48:45,595 INFO o.j.Test [main] Страница с календарем мероприятий успешно загружена
2021-12-11 20:48:48,276 INFO o.j.Test [main] Драйвер закрыт
2021-12-11 20:49:53,801 INFO o.j.Test [main] Драйвер поднят
2021-12-11 20:50:00,822 INFO o.j.Test [main] Главная страница онлайн-обучения Отус успешно загружена
2021-12-11 20:50:04,670 INFO o.j.Test [main] Страница с календарем мероприятий успешно загружена
2021-12-11 20:50:07,301 INFO o.j.Test [main] Драйвер закрыт
2021-12-11 20:50:44,284 INFO o.j.Test [main] Драйвер поднят
2021-12-11 20:50:50,941 INFO o.j.Test [main] Главная страница онлайн-обучения Отус успешно загружена
2021-12-11 20:50:53,683 INFO o.j.Test [main] Страница с календарем мероприятий успешно загружена
2021-12-11 20:50:56,346 INFO o.j.Test [main] Драйвер закрыт
2021-12-11 20:51:21,043 INFO o.j.Test [main] Драйвер поднят
2021-12-11 20:51:27,847 INFO o.j.Test [main] Главная страница онлайн-обучения Отус успешно загружена
2021-12-11 20:51:31,237 INFO o.j.Test [main] Страница с календарем мероприятий успешно загружена
2021-12-11 20:51:33,966 INFO o.j.Test [main] Драйвер закрыт
2021-12-11 20:53:23,210 INFO o.j.Test [main] Драйвер поднят
2021-12-11 20:53:29,915 INFO o.j.Test [main] Главная страница онлайн-обучения Отус успешно загружена
2021-12-11 20:53:32,800 INFO o.j.Test [main] Страница с календарем мероприятий успешно загружена
2021-12-11 20:53:35,205 INFO o.j.Test [main] Установлен фильтр 'День открытых дверей'
2021-12-11 20:53:36,389 INFO o.j.Test [main] Проверка событий по фильтру успешно завершена
2021-12-11 20:53:37,191 INFO o.j.Test [main] Драйвер закрыт
2021-12-11 21:31:19,888 INFO o.j.Test [main] Драйвер поднят
2021-12-11 21:31:19,896 INFO o.j.Test [main] Драйвер закрыт
2021-12-11 21:33:32,518 INFO o.j.Test [main] Драйвер закрыт
2021-12-11 21:37:09,737 INFO o.j.Test [main] Драйвер поднят
2021-12-11 21:37:16,097 INFO o.j.Test [main] Главная страница онлайн-обучения Отус успешно загружена
2021-12-11 21:37:20,352 INFO o.j.Test [main] Драйвер закрыт
2021-12-12 11:02:39,208 INFO o.j.Test [main] Драйвер поднят
2021-12-12 11:02:47,784 INFO o.j.Test [main] Главная страница онлайн-обучения Отус успешно загружена
2021-12-12 11:02:50,758 INFO o.j.Test [main] Страница с календарем мероприятий успешно загружена
2021-12-12 11:02:52,736 INFO o.j.Test [main] Установлен фильтр 'День открытых дверей'
2021-12-12 11:02:55,537 INFO o.j.Test [main] Драйвер закрыт
2021-12-12 11:03:48,955 INFO o.j.Test [main] Драйвер поднят
2021-12-12 11:03:56,259 INFO o.j.Test [main] Главная страница онлайн-обучения Отус успешно загружена
2021-12-12 11:03:58,978 INFO o.j.Test [main] Страница с календарем мероприятий успешно загружена
2021-12-12 11:04:02,148 INFO o.j.Test [main] Установлен фильтр 'День открытых дверей'
2021-12-12 11:04:08,081 INFO o.j.Test [main] Драйвер закрыт
2021-12-12 11:08:48,818 INFO o.j.Test [main] Драйвер поднят
2021-12-12 11:08:59,750 INFO o.j.Test [main] Главная страница онлайн-обучения Отус успешно загружена
2021-12-12 11:09:02,971 INFO o.j.Test [main] Страница с календарем мероприятий успешно загружена
2021-12-12 11:09:05,555 INFO o.j.Test [main] Драйвер закрыт
2021-12-12 11:09:27,665 INFO o.j.Test [main] Драйвер поднят
2021-12-12 11:09:36,435 INFO o.j.Test [main] Главная страница онлайн-обучения Отус успешно загружена
2021-12-12 11:09:39,393 INFO o.j.Test [main] Страница с календарем мероприятий успешно загружена
2021-12-12 11:09:42,230 INFO o.j.Test [main] Установлен фильтр 'День открытых дверей'
2021-12-12 11:09:42,992 INFO o.j.Test [main] Драйвер закрыт
2021-12-12 11:09:53,681 INFO o.j.Test [main] Драйвер поднят
2021-12-12 11:10:02,541 INFO o.j.Test [main] Главная страница онлайн-обучения Отус успешно загружена
2021-12-12 11:10:05,522 INFO o.j.Test [main] Страница с календарем мероприятий успешно загружена
2021-12-12 11:10:08,126 INFO o.j.Test [main] Установлен фильтр 'День открытых дверей'
2021-12-12 11:10:08,933 INFO o.j.Test [main] Драйвер закрыт
2021-12-12 11:11:41,532 INFO o.j.Test [main] Драйвер поднят
2021-12-12 11:11:50,327 INFO o.j.Test [main] Главная страница онлайн-обучения Отус успешно загружена
2021-12-12 11:11:53,076 INFO o.j.Test [main] Страница с календарем мероприятий успешно загружена
2021-12-12 11:11:55,817 INFO o.j.Test [main] Драйвер закрыт
2021-12-12 11:12:05,445 INFO o.j.Test [main] Драйвер поднят
2021-12-12 11:12:17,633 INFO o.j.Test [main] Главная страница онлайн-обучения Отус успешно загружена
2021-12-12 11:12:20,711 INFO o.j.Test [main] Страница с календарем мероприятий успешно загружена
2021-12-12 11:12:23,320 INFO o.j.Test [main] Драйвер закрыт
2021-12-12 11:12:33,865 INFO o.j.Test [main] Драйвер поднят
2021-12-12 11:12:43,625 INFO o.j.Test [main] Главная страница онлайн-обучения Отус успешно загружена
2021-12-12 11:12:46,453 INFO o.j.Test [main] Страница с календарем мероприятий успешно загружена
2021-12-12 11:12:49,235 INFO o.j.Test [main] Установлен фильтр 'День открытых дверей'
2021-12-12 11:12:55,101 INFO o.j.Test [main] Драйвер закрыт
2021-12-12 11:19:20,824 INFO o.j.Test [main] Драйвер поднят
2021-12-12 11:19:28,455 INFO o.j.Test [main] Главная страница онлайн-обучения Отус успешно загружена
2021-12-12 11:19:31,736 INFO o.j.Test [main] Страница с календарем мероприятий успешно загружена
2021-12-12 11:19:34,304 INFO o.j.Test [main] Драйвер закрыт
2021-12-12 11:19:45,112 INFO o.j.Test [main] Драйвер поднят
2021-12-12 11:19:53,050 INFO o.j.Test [main] Главная страница онлайн-обучения Отус успешно загружена
2021-12-12 11:19:56,266 INFO o.j.Test [main] Страница с календарем мероприятий успешно загружена
2021-12-12 11:19:58,924 INFO o.j.Test [main] Драйвер закрыт
2021-12-12 11:20:21,281 INFO o.j.Test [main] Драйвер поднят
2021-12-12 11:20:29,404 INFO o.j.Test [main] Главная страница онлайн-обучения Отус успешно загружена
2021-12-12 11:20:32,351 INFO o.j.Test [main] Страница с календарем мероприятий успешно загружена
2021-12-12 11:20:35,044 INFO o.j.Test [main] Драйвер закрыт
2021-12-12 11:21:04,803 INFO o.j.Test [main] Драйвер поднят
2021-12-12 11:21:12,128 INFO o.j.Test [main] Главная страница онлайн-обучения Отус успешно загружена
2021-12-12 11:21:15,620 INFO o.j.Test [main] Страница с календарем мероприятий успешно загружена
2021-12-12 11:21:18,203 INFO o.j.Test [main] Драйвер закрыт
2021-12-12 11:23:53,311 INFO o.j.Test [main] Драйвер поднят
2021-12-12 11:24:01,762 INFO o.j.Test [main] Главная страница онлайн-обучения Отус успешно загружена
2021-12-12 11:24:04,618 INFO o.j.Test [main] Страница с календарем мероприятий успешно загружена
2021-12-12 11:24:07,225 INFO o.j.Test [main] Драйвер закрыт
2021-12-12 11:24:59,005 INFO o.j.Test [main] Драйвер поднят
2021-12-12 11:25:06,352 INFO o.j.Test [main] Главная страница онлайн-обучения Отус успешно загружена
2021-12-12 11:25:09,277 INFO o.j.Test [main] Страница с календарем мероприятий успешно загружена
2021-12-12 11:25:11,844 INFO o.j.Test [main] Драйвер закрыт
2021-12-12 11:26:37,979 INFO o.j.Test [main] Драйвер поднят
2021-12-12 11:26:45,490 INFO o.j.Test [main] Главная страница онлайн-обучения Отус успешно загружена
2021-12-12 11:26:49,431 INFO o.j.Test [main] Страница с календарем мероприятий успешно загружена
2021-12-12 11:26:52,109 INFO o.j.Test [main] Драйвер закрыт
2021-12-12 11:29:40,643 INFO o.j.Test [main] Драйвер поднят
2021-12-12 11:29:48,488 INFO o.j.Test [main] Главная страница онлайн-обучения Отус успешно загружена
2021-12-12 11:29:51,783 INFO o.j.Test [main] Страница с календарем мероприятий успешно загружена
2021-12-12 11:29:54,692 INFO o.j.Test [main] Драйвер закрыт
2021-12-12 11:30:44,328 INFO o.j.Test [main] Драйвер поднят
2021-12-12 11:30:51,462 INFO o.j.Test [main] Главная страница онлайн-обучения Отус успешно загружена
2021-12-12 11:30:54,393 INFO o.j.Test [main] Страница с календарем мероприятий успешно загружена
2021-12-12 11:30:56,483 INFO o.j.Test [main] Установлен фильтр 'День открытых дверей'
2021-12-12 11:30:57,335 INFO o.j.Test [main] Драйвер закрыт
2021-12-12 11:31:35,887 INFO o.j.Test [main] Драйвер поднят
2021-12-12 11:31:35,905 INFO o.j.Test [main] Драйвер закрыт
2021-12-12 11:32:02,674 INFO o.j.Test [main] Драйвер поднят
2021-12-12 11:32:02,691 INFO o.j.Test [main] Драйвер закрыт
2021-12-12 11:36:50,228 INFO o.j.Test [main] Драйвер поднят
2021-12-12 11:36:50,244 INFO o.j.Test [main] Драйвер закрыт
2021-12-12 11:37:01,837 INFO o.j.Test [main] Драйвер поднят
2021-12-12 11:37:01,856 INFO o.j.Test [main] Драйвер закрыт
2021-12-12 20:00:49,414 INFO o.j.Test [main] Драйвер поднят
2021-12-12 20:00:57,567 INFO o.j.Test [main] Главная страница онлайн-обучения Отус успешно загружена
2021-12-12 20:00:59,918 INFO o.j.Test [main] Страница с календарем мероприятий успешно загружена
2021-12-12 20:01:02,769 INFO o.j.Test [main] Драйвер закрыт
2021-12-12 20:08:47,249 INFO o.j.Test [main] Драйвер поднят
2021-12-12 20:08:47,256 INFO o.j.Test [main] Драйвер закрыт
2021-12-12 20:09:28,988 INFO o.j.Test [main] Драйвер поднят
2021-12-12 20:09:36,102 INFO o.j.Test [main] Страница с календарем мероприятий успешно загружена
2021-12-12 20:09:36,107 INFO o.j.Test [main] Установлен фильтр 'День открытых дверей'
2021-12-12 20:09:36,950 INFO o.j.Test [main] Драйвер закрыт
2021-12-12 20:14:37,637 INFO o.j.Test [main] Драйвер поднят
2021-12-12 20:14:47,452 INFO o.j.Test [main] Страница с календарем мероприятий успешно загружена
2021-12-12 20:14:47,455 INFO o.j.Test [main] Установлен фильтр 'День открытых дверей'
2021-12-12 20:14:48,472 INFO o.j.Test [main] Проверка событий по фильтру успешно завершена
2021-12-12 20:14:49,257 INFO o.j.Test [main] Драйвер закрыт
2021-12-12 20:17:39,984 INFO o.j.Test [main] Драйвер поднят
2021-12-12 20:17:46,130 INFO o.j.Test [main] Страница с календарем мероприятий успешно загружена
2021-12-12 20:17:46,888 INFO o.j.Test [main] Драйвер закрыт
2021-12-12 20:19:00,435 INFO o.j.Test [main] Драйвер поднят
2021-12-12 20:19:07,302 INFO o.j.Test [main] Страница с календарем мероприятий успешно загружена
2021-12-12 20:19:07,403 INFO o.j.Test [main] Установлен фильтр 'День открытых дверей'
2021-12-12 20:19:08,679 INFO o.j.Test [main] Проверка событий по фильтру успешно завершена
2021-12-12 20:19:09,494 INFO o.j.Test [main] Драйвер закрыт
2021-12-12 20:19:53,835 INFO o.j.Test [main] Драйвер поднят
2021-12-12 20:20:00,973 INFO o.j.Test [main] Страница с календарем мероприятий успешно загружена
2021-12-12 20:20:01,022 INFO o.j.Test [main] Установлен фильтр 'День открытых дверей'
2021-12-12 20:20:01,827 INFO o.j.Test [main] Проверка событий по фильтру успешно завершена
2021-12-12 20:20:02,553 INFO o.j.Test [main] Драйвер закрыт
2021-12-12 20:20:51,209 INFO o.j.Test [main] Драйвер поднят
2021-12-12 20:20:59,255 INFO o.j.Test [main] Страница с календарем мероприятий успешно загружена
2021-12-12 20:20:59,360 INFO o.j.Test [main] Установлен фильтр 'День открытых дверей'
2021-12-12 20:21:00,445 INFO o.j.Test [main] Проверка событий по фильтру успешно завершена
2021-12-12 20:21:01,170 INFO o.j.Test [main] Драйвер закрыт
2021-12-12 20:29:16,561 INFO o.j.Test [main] Драйвер поднят
2021-12-12 20:29:23,430 INFO o.j.Test [main] Страница с календарем мероприятий успешно загружена
2021-12-12 20:29:24,300 INFO o.j.Test [main] Драйвер закрыт
2021-12-13 09:33:44,263 INFO o.j.Test [main] Главная страница онлайн-обучения Отус успешно загружена
2021-12-13 09:57:49,320 INFO o.j.Test [main] Главная страница онлайн-обучения Отус успешно загружена
2021-12-13 09:58:26,091 INFO o.j.Test [main] Главная страница онлайн-обучения Отус успешно загружена
2021-12-13 10:11:49,430 INFO o.j.Test [main] Главная страница онлайн-обучения Отус успешно загружена
2021-12-13 10:14:08,000 INFO o.j.Test [main] Главная страница онлайн-обучения Отус успешно загружена
2021-12-13 10:53:51,609 INFO o.j.Test [main] Страница с календарем мероприятий успешно загружена
2021-12-13 10:54:34,179 INFO o.j.Test [main] Главная страница онлайн-обучения Отус успешно загружена
2021-12-13 10:54:37,293 INFO o.j.Test [main] Страница с календарем мероприятий успешно загружена
2021-12-13 11:14:28,736 INFO o.j.Test [main] Главная страница онлайн-обучения Отус успешно загружена
2021-12-13 11:14:32,943 INFO o.j.Test [main] Страница с календарем мероприятий успешно загружена
2021-12-13 11:19:14,905 INFO o.j.Test [main] Главная страница онлайн-обучения Отус успешно загружена
2021-12-13 11:19:18,386 INFO o.j.Test [main] Страница с календарем мероприятий успешно загружена
2021-12-13 11:22:57,956 INFO o.j.Test [main] Главная страница онлайн-обучения Отус успешно загружена
2021-12-13 11:23:01,342 INFO o.j.Test [main] Страница с календарем мероприятий успешно загружена
2021-12-13 11:25:32,732 INFO o.j.Test [main] Главная страница онлайн-обучения Отус успешно загружена
2021-12-13 11:26:07,840 INFO o.j.Test [main] Главная страница онлайн-обучения Отус успешно загружена
2021-12-13 11:26:11,024 INFO o.j.Test [main] Страница с календарем мероприятий успешно загружена
2021-12-13 11:33:25,264 INFO o.j.Test [main] Главная страница онлайн-обучения Отус успешно загружена
2021-12-13 11:34:50,807 INFO o.j.Test [main] Главная страница онлайн-обучения Отус успешно загружена
2021-12-13 11:34:54,155 INFO o.j.Test [main] Страница с календарем мероприятий успешно загружена
2021-12-13 11:34:56,214 INFO o.j.Test [main] Установлен фильтр 'День открытых дверей'
2021-12-13 11:34:57,640 INFO o.j.Test [main] Проверка событий по фильтру успешно завершена
2021-12-13 11:35:25,787 INFO o.j.Test [main] Главная страница онлайн-обучения Отус успешно загружена
2021-12-13 11:35:28,711 INFO o.j.Test [main] Страница с календарем мероприятий успешно загружена
2021-12-13 11:35:30,769 INFO o.j.Test [main] Установлен фильтр 'День открытых дверей'
2021-12-13 11:35:32,111 INFO o.j.Test [main] Проверка событий по фильтру успешно завершена
2021-12-13 11:42:26,625 INFO o.j.Test [main] Главная страница онлайн-обучения Отус успешно загружена
2021-12-13 11:42:28,483 INFO o.j.Test [main] Страница с календарем мероприятий успешно загружена
2021-12-13 11:42:30,989 INFO o.j.Test [main] Установлен фильтр 'День открытых дверей'
2021-12-13 11:42:31,531 INFO o.j.Test [main] Проверка событий по фильтру успешно завершена
2021-12-13 11:43:17,806 INFO o.j.Test [main] Главная страница онлайн-обучения Отус успешно загружена
2021-12-13 11:43:19,592 INFO o.j.Test [main] Страница с календарем мероприятий успешно загружена
2021-12-13 11:43:21,681 INFO o.j.Test [main] Установлен фильтр 'День открытых дверей'
2021-12-13 11:43:22,247 INFO o.j.Test [main] Проверка событий по фильтру успешно завершена
2021-12-13 11:44:15,989 INFO o.j.Test [main] Главная страница онлайн-обучения Отус успешно загружена
2021-12-13 11:44:17,557 INFO o.j.Test [main] Страница с календарем мероприятий успешно загружена
2021-12-13 11:44:19,048 INFO o.j.Test [main] Установлен фильтр 'День открытых дверей'
2021-12-13 11:44:19,638 INFO o.j.Test [main] Проверка событий по фильтру успешно завершена
2021-12-13 13:09:31,949 INFO o.j.Test [main] Главная страница онлайн-обучения Отус успешно загружена
2021-12-13 13:09:33,451 INFO o.j.Test [main] Страница с календарем мероприятий успешно загружена
2021-12-13 13:09:34,930 INFO o.j.Test [main] Установлен фильтр 'День открытых дверей'
2021-12-13 13:09:35,509 INFO o.j.Test [main] Проверка событий по фильтру успешно завершена
2021-12-13 13:11:37,076 INFO o.j.Test [main] Главная страница онлайн-обучения Отус успешно загружена
2021-12-13 13:11:39,247 INFO o.j.Test [main] Страница с календарем мероприятий успешно загружена
2021-12-13 13:11:41,842 INFO o.j.Test [main] Установлен фильтр 'День открытых дверей'
2021-12-13 13:11:42,104 INFO o.j.Test [main] Проверка событий по фильтру успешно завершена
2021-12-14 09:29:39,563 INFO o.j.Test [main] Главная страница онлайн-обучения Отус успешно загружена
2021-12-14 09:31:06,226 INFO o.j.Test [main] Главная страница онлайн-обучения Отус успешно загружена
2021-12-14 09:44:31,405 INFO o.j.Test [main] Главная страница онлайн-обучения Отус успешно загружена
2021-12-14 09:44:57,368 INFO o.j.Test [main] Главная страница онлайн-обучения Отус успешно загружена
2021-12-14 09:45:51,708 INFO o.j.Test [main] Главная страница онлайн-обучения Отус успешно загружена
2021-12-14 09:53:31,331 INFO o.j.Test [main] Главная страница онлайн-обучения Отус успешно загружена
2021-12-14 10:03:40,487 INFO o.j.Test [main] Главная страница онлайн-обучения Отус успешно загружена
2021-12-14 10:24:58,455 INFO o.j.Test [main] Главная страница онлайн-обучения Отус успешно загружена
2021-12-14 10:30:07,050 INFO o.j.Test [main] Главная страница онлайн-обучения Отус успешно загружена
2021-12-14 10:30:47,987 INFO o.j.Test [main] Главная страница онлайн-обучения Отус успешно загружена
2021-12-14 10:34:39,260 INFO o.j.Test [main] Главная страница онлайн-обучения Отус успешно загружена
2021-12-14 10:35:27,438 INFO o.j.Test [main] Главная страница онлайн-обучения Отус успешно загружена
2021-12-14 10:46:53,782 INFO o.j.Test [main] Главная страница онлайн-обучения Отус успешно загружена
2021-12-14 10:48:34,723 INFO o.j.Test [main] Главная страница онлайн-обучения Отус успешно загружена
